<?xml version="1.0" encoding="UTF-8"?>
<!-- Generated by org.testng.reporters.JUnitReportReporter -->
<testsuite skipped="0" hostname="DESKTOP-CQKTD5B" name="com.training.sanity.tests.MLevelTestcase4Tests" tests="1" failures="0" timestamp="11 Sep 2019 14:24:15 GMT" time="47.951" errors="0">
  <testcase name="TestCase3" time="47.951" classname="com.training.sanity.tests.MLevelTestcase4Tests"/>
</testsuite> <!-- com.training.sanity.tests.MLevelTestcase4Tests -->
