<?xml version="1.0" encoding="UTF-8"?>
<!-- Generated by org.testng.reporters.JUnitReportReporter -->
<testsuite skipped="0" hostname="DESKTOP-CQKTD5B" name="com.training.sanity.tests.Orderproduct" tests="1" failures="0" timestamp="11 Sep 2019 14:46:53 GMT" time="24.998" errors="0">
  <testcase name="validLoginTest" time="24.998" classname="com.training.sanity.tests.Orderproduct"/>
</testsuite> <!-- com.training.sanity.tests.Orderproduct -->
