<?xml version="1.0" encoding="UTF-8"?>
<!-- Generated by org.testng.reporters.JUnitReportReporter -->
<testsuite skipped="0" hostname="DESKTOP-CQKTD5B" name="com.training.sanity.tests.ReturnOrder" tests="1" failures="0" timestamp="11 Sep 2019 13:55:51 GMT" time="26.657" errors="0">
  <testcase name="MediumTestcase1" time="26.657" classname="com.training.sanity.tests.ReturnOrder"/>
</testsuite> <!-- com.training.sanity.tests.ReturnOrder -->
