<?xml version="1.0" encoding="UTF-8"?>
<!-- Generated by org.testng.reporters.JUnitReportReporter -->
<testsuite skipped="0" hostname="DESKTOP-CQKTD5B" name="com.training.sanity.tests.RewardpointsTests" tests="1" failures="0" timestamp="11 Sep 2019 14:52:22 GMT" time="42.926" errors="0">
  <testcase name="TestCase3" time="42.926" classname="com.training.sanity.tests.RewardpointsTests"/>
</testsuite> <!-- com.training.sanity.tests.RewardpointsTests -->
